[
	{
		"start_time": "2023-02-28 13:33:25.374",
		"finished_time": "2023-02-28 13:34:00.423",
		"status": "1",
        "file_name": "anotherfilename",
        "file_ext": ".txt",
        "url": "https://...",
        "http_code": "500",
        "student_id": "2",
        "course_id": "1"
	},
    {
		"start_time": "2023-03-09 10:33:25.374",
		"finished_time": "2023-03-09 13:34:00.423",
		"status": "1",
        "file_name": "importantfile",
        "file_ext": ".pdf",
        "url": "https://...",
        "http_code": "500",
        "student_id": "1",
        "course_id": "1"
	},
    {
		"start_time": "2023-03-08 13:33:25.374",
		"finished_time": "2023-03-09 13:34:00.423",
		"status": "0",
        "file_name": "aresource",
        "file_ext": ".jpg",
        "url": "https://...",
        "http_code": "500",
        "student_id": "3",
        "course_id": "2"
	},
    {
		"start_time": "2023-03-15 13:33:25.374",
		"finished_time": "2023-03-15 15:34:00.423",
		"status": "1",
        "file_name": "homework1",
        "file_ext": ".txt",
        "url": "https://...",
        "http_code": "500",
        "student_id": "4",
        "course_id": "1"
	},
    {
		"start_time": "2023-03-04 06:24:25.374",
		"finished_time": "2023-03-04 16:23:00.423",
		"status": "1",
        "file_name": "studyfile",
        "file_ext": ".pdf",
        "url": "https://...",
        "http_code": "500",
        "student_id": "5",
        "course_id": "2"
	},
    {
		"start_time": "2023-03-25 02:33:25.374",
		"finished_time": "2023-03-25 20:42:00.423",
		"status": "1",
        "file_name": "randomfile",
        "file_ext": ".jpg",
        "url": "https://...",
        "http_code": "500",
        "student_id": "3",
        "course_id": "1"
	},
    {
		"start_time": "2023-03-15 03:56:25.374",
		"finished_time": "2023-03-15 14:24:00.423",
		"status": "1",
        "file_name": "homework2",
        "file_ext": ".pdf",
        "url": "https://...",
        "http_code": "500",
        "student_id": "1",
        "course_id": "1"
	},
    {
		"start_time": "2023-03-011 15:33:25.374",
		"finished_time": "2023-03-11 16:34:00.423",
		"status": "0",
        "file_name": "importantfile",
        "file_ext": ".docx",
        "url": "https://...",
        "http_code": "500",
        "student_id": "2",
        "course_id": "2"
	},
    {
		"start_time": "2023-03-03 17:33:25.374",
		"finished_time": "2023-03-03 19:34:00.423",
		"status": "1",
        "file_name": "homework3",
        "file_ext": ".pdf",
        "url": "https://...",
        "http_code": "500",
        "student_id": "1",
        "course_id": "3"
	},
    {
		"start_time": "2023-03-09 04:42:25.374",
		"finished_time": "2023-03-09 22:34:00.423",
		"status": "1",
        "file_name": "studyfile2",
        "file_ext": ".docx",
        "url": "https://...",
        "http_code": "500",
        "student_id": "4",
        "course_id": "4"
	},
    {
		"start_time": "2023-03-18 10:44:25.374",
		"finished_time": "2023-03-18 11:43:00.423",
		"status": "1",
        "file_name": "lecturematerial",
        "file_ext": ".doc",
        "url": "https://...",
        "http_code": "500",
        "student_id": "2",
        "course_id": "1"
	},
    
]