[
	{
		"login_timestamp": "2023-04-24 05:45:40.450",
		"status": "1",
		"student_id": "1"
	},
	{
		"login_timestamp": "2023-04-23 08:23:10.790",
		"status": "0",
		"student_id": "1"
	},
	{
		"login_timestamp": "2023-04-22 10:56:33.650",
		"status": "1",
		"student_id": "2"
	},
	{
		"login_timestamp": "2023-04-22 16:45:10.100",
		"status": "1",
		"student_id": "3"
	},
	{
		"login_timestamp": "2023-04-11 18:05:49.917",
		"status": "0",
		"student_id": "4"
	},
	{
		"login_timestamp": "2023-04-17 20:55:43.764",
		"status": "1",
		"student_id": "5"
	},
	{
		"login_timestamp": "2023-04-04 12:00:00.000",
		"status": "1",
		"student_id": "3"
	},
	{
		"login_timestamp": "2023-04-23 14:13:50.095",
		"status": "1",
		"student_id": "2"
	}
]